<?xml version="1.0" encoding="UTF-8"?>
<!-- Generated by org.testng.reporters.JUnitXMLReporter -->
<testsuite hostname="BDC7-D-452SM71" name="Command line test" tests="3" failures="0" timestamp="8 Aug 2016 10:52:46 GMT" time="0.031" errors="0">
  <testcase name="xTest" time="0.0" classname="testnglearning.SecondTest"/>
  <testcase name="yTest" time="0.0" classname="testnglearning.SecondTest"/>
  <testcase name="zTest" time="0.0" classname="testnglearning.SecondTest"/>
</testsuite> <!-- Command line test -->
