<?xml version="1.0" encoding="UTF-8"?>
<!-- Generated by org.testng.reporters.JUnitXMLReporter -->
<testsuite hostname="BDC7-D-452SM71" name="Command line test" tests="6" failures="0" timestamp="8 Aug 2016 14:35:55 GMT" time="8.045" errors="0">
  <testcase name="aUnitTest" time="2.012" classname="testnglearning.NewTest"/>
  <testcase name="wFuncationalTest" time="2.003" classname="testnglearning.SecondTest"/>
  <testcase name="xUnitTest" time="2.002" classname="testnglearning.SecondTest"/>
  <testcase name="bFuncationalTest" time="2.001" classname="testnglearning.NewTest"/>
  <testcase name="yFuncationalTest" time="2.001" classname="testnglearning.SecondTest"/>
  <testcase name="zFunctionalTest" time="2.0" classname="testnglearning.SecondTest"/>
</testsuite> <!-- Command line test -->
