<?xml version="1.0" encoding="UTF-8"?>
<!-- Generated by org.testng.reporters.JUnitXMLReporter -->
<testsuite hostname="BDC7-D-452SM71" name="Functional Tests" tests="5" failures="0" timestamp="11 Aug 2016 06:33:09 GMT" time="0.104" errors="0">
  <testcase name="bFunctionalTest" time="0.02" classname="testnglearning.NewTest"/>
  <testcase name="dFunctionalTest" time="0.021" classname="testnglearning.NewTest"/>
  <testcase name="wFunctionalTest" time="0.021" classname="testnglearning.SecondTest"/>
  <testcase name="yFunctionalTest" time="0.021" classname="testnglearning.SecondTest"/>
  <testcase name="zFunctionalTest" time="0.02" classname="testnglearning.SecondTest"/>
</testsuite> <!-- Functional Tests -->
