<?xml version="1.0" encoding="UTF-8"?>
<!-- Generated by org.testng.reporters.JUnitXMLReporter -->
<testsuite hostname="BDC7-D-452SM71" name="Unit Tests" tests="3" failures="0" timestamp="11 Aug 2016 06:33:09 GMT" time="0.146" errors="0">
  <testcase name="aUnitTest" time="0.033" classname="testnglearning.NewTest"/>
  <testcase name="cUnitTest" time="0.021" classname="testnglearning.NewTest"/>
  <testcase name="xUnitTest" time="0.021" classname="testnglearning.SecondTest"/>
</testsuite> <!-- Unit Tests -->
